<?xml version="1.0" encoding="UTF-8" ?>
<testsuite tests="21" failures="0" name="cucumberqk.runner.RunnerTest" time="91.165" errors="0" skipped="3">
  <properties>
    <property name="java.runtime.name" value="Java(TM) SE Runtime Environment"/>
    <property name="sun.boot.library.path" value="C:\Program Files\Java\jdk1.8.0_45\jre\bin"/>
    <property name="java.vm.version" value="25.45-b02"/>
    <property name="java.vm.vendor" value="Oracle Corporation"/>
    <property name="maven.multiModuleProjectDirectory" value="D:\punam\cucumberqk"/>
    <property name="java.vendor.url" value="http://java.oracle.com/"/>
    <property name="path.separator" value=";"/>
    <property name="guice.disable.misplaced.annotation.check" value="true"/>
    <property name="java.vm.name" value="Java HotSpot(TM) 64-Bit Server VM"/>
    <property name="file.encoding.pkg" value="sun.io"/>
    <property name="user.script" value=""/>
    <property name="user.country" value="IN"/>
    <property name="sun.java.launcher" value="SUN_STANDARD"/>
    <property name="sun.os.patch.level" value="Service Pack 1"/>
    <property name="java.vm.specification.name" value="Java Virtual Machine Specification"/>
    <property name="user.dir" value="D:\punam\cucumberqk"/>
    <property name="java.runtime.version" value="1.8.0_45-b14"/>
    <property name="java.awt.graphicsenv" value="sun.awt.Win32GraphicsEnvironment"/>
    <property name="java.endorsed.dirs" value="C:\Program Files\Java\jdk1.8.0_45\jre\lib\endorsed"/>
    <property name="os.arch" value="amd64"/>
    <property name="java.io.tmpdir" value="C:\Users\Q3262\AppData\Local\Temp\"/>
    <property name="line.separator" value="
"/>
    <property name="java.vm.specification.vendor" value="Oracle Corporation"/>
    <property name="user.variant" value=""/>
    <property name="os.name" value="Windows 7"/>
    <property name="classworlds.conf" value="C:\Program Files\apache-maven-3.6.0\bin\..\bin\m2.conf"/>
    <property name="sun.jnu.encoding" value="Cp1252"/>
    <property name="java.library.path" value="C:\Program Files\Java\jdk1.8.0_45\bin;C:\Windows\Sun\Java\bin;C:\Windows\system32;C:\Windows;C:\Program Files (x86)\Common Files\Oracle\Java\javapath;C:\ProgramData\Oracle\Java\javapath;C:\Windows\system32;C:\Windows;C:\Windows\System32\Wbem;C:\Windows\System32\WindowsPowerShell\v1.0\;C:\Program Files\Microsoft SQL Server\110\Tools\Binn\;C:\Program Files (x86)\Microsoft SQL Server\110\Tools\Binn\ManagementStudio\;C:\Program Files (x86)\Microsoft SQL Server\110\Tools\Binn\;C:\Program Files (x86)\Microsoft SQL Server\110\DTS\Binn\;C:\Program Files\Microsoft SQL Server\110\DTS\Binn\;C:\Program Files\Git\cmd;C:\Program Files\Java\jre1.8.0_45\bin;C:\Program Files\Java\jdk1.8.0_45\bin;C:\Program Files\apache-maven-3.6.0\bin;D:\Android\android-sdk\build-tools;D:\Android\android-sdk\platform-tools;D:\Android\android-sdk\tools;D:\Android\android-sdk\platforms;C:\Program Files\nodejs\;."/>
    <property name="maven.conf" value="C:\Program Files\apache-maven-3.6.0\bin\../conf"/>
    <property name="java.specification.name" value="Java Platform API Specification"/>
    <property name="java.class.version" value="52.0"/>
    <property name="sun.management.compiler" value="HotSpot 64-Bit Tiered Compilers"/>
    <property name="os.version" value="6.1"/>
    <property name="library.jansi.path" value="C:\Program Files\apache-maven-3.6.0\bin\..\lib\jansi-native"/>
    <property name="user.home" value="C:\Users\Q3262"/>
    <property name="user.timezone" value="Asia/Calcutta"/>
    <property name="java.awt.printerjob" value="sun.awt.windows.WPrinterJob"/>
    <property name="java.specification.version" value="1.8"/>
    <property name="file.encoding" value="Cp1252"/>
    <property name="user.name" value="Q3262"/>
    <property name="java.class.path" value="C:\Program Files\apache-maven-3.6.0\bin\..\boot\plexus-classworlds-2.5.2.jar"/>
    <property name="java.vm.specification.version" value="1.8"/>
    <property name="sun.arch.data.model" value="64"/>
    <property name="java.home" value="C:\Program Files\Java\jdk1.8.0_45\jre"/>
    <property name="sun.java.command" value="org.codehaus.plexus.classworlds.launcher.Launcher test"/>
    <property name="java.specification.vendor" value="Oracle Corporation"/>
    <property name="user.language" value="en"/>
    <property name="awt.toolkit" value="sun.awt.windows.WToolkit"/>
    <property name="java.vm.info" value="mixed mode"/>
    <property name="java.version" value="1.8.0_45"/>
    <property name="java.ext.dirs" value="C:\Program Files\Java\jdk1.8.0_45\jre\lib\ext;C:\Windows\Sun\Java\lib\ext"/>
    <property name="sun.boot.class.path" value="C:\Program Files\Java\jdk1.8.0_45\jre\lib\resources.jar;C:\Program Files\Java\jdk1.8.0_45\jre\lib\rt.jar;C:\Program Files\Java\jdk1.8.0_45\jre\lib\sunrsasign.jar;C:\Program Files\Java\jdk1.8.0_45\jre\lib\jsse.jar;C:\Program Files\Java\jdk1.8.0_45\jre\lib\jce.jar;C:\Program Files\Java\jdk1.8.0_45\jre\lib\charsets.jar;C:\Program Files\Java\jdk1.8.0_45\jre\lib\jfr.jar;C:\Program Files\Java\jdk1.8.0_45\jre\classes"/>
    <property name="sun.stderr.encoding" value="cp437"/>
    <property name="java.vendor" value="Oracle Corporation"/>
    <property name="maven.home" value="C:\Program Files\apache-maven-3.6.0\bin\.."/>
    <property name="file.separator" value="\"/>
    <property name="java.vendor.url.bug" value="http://bugreport.sun.com/bugreport/"/>
    <property name="sun.cpu.endian" value="little"/>
    <property name="sun.io.unicode.encoding" value="UnicodeLittle"/>
    <property name="sun.stdout.encoding" value="cp437"/>
    <property name="sun.desktop" value="windows"/>
    <property name="sun.cpu.isalist" value="amd64"/>
  </properties>
  <testcase classname="User wants to provide add function for the calculator" name="Add two numbers" time="0.107"/>
  <testcase classname="User wants to provide add function for the calculator" name="Add two given numbers" time="0.058"/>
  <testcase classname="User wants to provide add function for the calculator" name="Addition" time="0.042"/>
  <testcase classname="User wants to provide add function for the calculator" name="Addition" time="0.043"/>
  <testcase classname="User wants to provide add function for the calculator" name="Addition" time="0.047"/>
  <testcase classname="User wants to provide add function for the calculator" name="Addition" time="0.043"/>
  <testcase classname="User wants to provide add function for the calculator" name="Addition" time="0.04"/>
  <testcase classname="User wants to provide add function for the calculator" name="Addition" time="0.065"/>
  <testcase classname="User wants to provide add function for the calculator" name="Addition" time="0.042"/>
  <testcase classname="User wants to provide add function for the calculator" name="Additio" time="0.041"/>
  <testcase classname="User wants to provide add function for the calculator" name="Addition" time="0.043"/>
  <testcase classname="User wants to provide add function for the calculator" name="Addition" time="0.047"/>
  <testcase classname="User wants to provide add function for the calculator" name="Addition" time="0.044"/>
  <testcase classname="User wants to provide add function for the calculator" name="Addition" time="0.044"/>
  <testcase classname="User wants to provide add function for the calculator" name="EMPTY_NAME" time="0.217"/>
  <testcase classname="Google Searching" name="Simple Google searc" time="18.042"/>
  <testcase classname="Google Searching" name="Simple Google search" time="15.844"/>
  <testcase classname="Google Searching" name="Simple Google search" time="15.918"/>
  <testcase classname="Google Searching" name="Simple Google Search" time="13.057">
    <skipped/>
    <system-out>
  Scenario Outline: Simple Google Search # src/test/java/cucumberqk/featurefiles/googlesearch.feature:17
    When the search phrase &quot;&lt;phrase&gt;&quot; is entered
    Then result for &quot;&lt;result&gt;&quot; are shown

    Examples: search results

  Background:                                 # src/test/java/cucumberqk/featurefiles/googlesearch.feature:3
    Given a web browser is on the Google page # GoogleSteps.a_web_browser_is_on_the_Google_page()

  Scenario Outline: Simple Google Search      # src/test/java/cucumberqk/featurefiles/googlesearch.feature:24
search parameter=cpaat
    When the search phrase &quot;cpaat&quot; is entered # GoogleSteps.the_search_phrase_is_entered(String)
    Then result for &quot;cp-aat&quot; are shown        # null
</system-out>
    <system-err>Starting ChromeDriver 73.0.3683.68 (47787ec04b6e38e22703e856e101e840b65afe72) on port 35142
Only local connections are allowed.
Please protect ports used by ChromeDriver and related test frameworks to prevent access by malicious code.
Feb 01, 2020 4:09:29 PM org.openqa.selenium.remote.ProtocolHandshake createSession
INFO: Detected dialect: OSS
</system-err>
  </testcase>
  <testcase classname="Google Searching" name="Simple Google Search" time="14.063">
    <skipped/>
    <system-out>
  Background:                                 # src/test/java/cucumberqk/featurefiles/googlesearch.feature:3
    Given a web browser is on the Google page # GoogleSteps.a_web_browser_is_on_the_Google_page()

  Scenario Outline: Simple Google Search             # src/test/java/cucumberqk/featurefiles/googlesearch.feature:25
search parameter=qualityKiosk
    When the search phrase &quot;qualityKiosk&quot; is entered # GoogleSteps.the_search_phrase_is_entered(String)
    Then result for &quot;qualityKiosk&quot; are shown         # null
</system-out>
    <system-err>Starting ChromeDriver 73.0.3683.68 (47787ec04b6e38e22703e856e101e840b65afe72) on port 36406
Only local connections are allowed.
Please protect ports used by ChromeDriver and related test frameworks to prevent access by malicious code.
Feb 01, 2020 4:09:43 PM org.openqa.selenium.remote.ProtocolHandshake createSession
INFO: Detected dialect: OSS
</system-err>
  </testcase>
  <testcase classname="Google Searching" name="Simple Google Search" time="13.318">
    <skipped/>
    <system-out>
  Background:                                 # src/test/java/cucumberqk/featurefiles/googlesearch.feature:3
    Given a web browser is on the Google page # GoogleSteps.a_web_browser_is_on_the_Google_page()

  Scenario Outline: Simple Google Search         # src/test/java/cucumberqk/featurefiles/googlesearch.feature:26
search parameter=cucumber
    When the search phrase &quot;cucumber&quot; is entered # GoogleSteps.the_search_phrase_is_entered(String)
    Then result for &quot;cucumber&quot; are shown         # null
</system-out>
    <system-err>Starting ChromeDriver 73.0.3683.68 (47787ec04b6e38e22703e856e101e840b65afe72) on port 37484
Only local connections are allowed.
Please protect ports used by ChromeDriver and related test frameworks to prevent access by malicious code.
Feb 01, 2020 4:09:55 PM org.openqa.selenium.remote.ProtocolHandshake createSession
INFO: Detected dialect: OSS
</system-err>
  </testcase>
</testsuite>